#
# There is insufficient memory for the Java Runtime Environment to continue.
# Native memory allocation (malloc) failed to allocate 827248 bytes for Chunk::new
# Possible reasons:
#   The system is out of physical RAM or swap space
#   The process is running with CompressedOops enabled, and the Java Heap may be blocking the growth of the native heap
# Possible solutions:
#   Reduce memory load on the system
#   Increase physical memory or swap space
#   Check if swap backing store is full
#   Decrease Java heap size (-Xmx/-Xms)
#   Decrease number of Java threads
#   Decrease Java thread stack sizes (-Xss)
#   Set larger code cache with -XX:ReservedCodeCacheSize=
#   JVM is running with Unscaled Compressed Oops mode in which the Java heap is
#     placed in the first 4GB address space. The Java Heap base address is the
#     maximum limit for the native heap growth. Please use -XX:HeapBaseMinAddress
#     to set the Java Heap base and to place the Java Heap above 4GB virtual address.
# This output file may be truncated or incomplete.
#
#  Out of Memory Error (allocation.cpp:389), pid=18528, tid=0x0000000000000488
#
# JRE version: OpenJDK Runtime Environment (8.0_242-b01) (build 1.8.0_242-release-1644-b01)
# Java VM: OpenJDK 64-Bit Server VM (25.242-b01 mixed mode windows-amd64 compressed oops)
# Failed to write core dump. Minidumps are not enabled by default on client versions of Windows
#

---------------  T H R E A D  ---------------

Current thread (0x0000000017e41800):  JavaThread "C2 CompilerThread2" daemon [_thread_in_native, id=1160, stack(0x00000000188c0000,0x00000000189c0000)]

Stack: [0x00000000188c0000,0x00000000189c0000]
[error occurred during error reporting (printing stack bounds), id 0xc0000005]

Native frames: (J=compiled Java code, j=interpreted, Vv=VM code, C=native code)


Current CompileTask:
C2:  15220 8436       4       org.gradle.internal.reflect.ClassInspector::inspectClass (144 bytes)


---------------  P R O C E S S  ---------------

Java Threads: ( => current thread )
  0x000000001f704000 JavaThread "Cache worker for file content cache (C:\xampp\htdocs\FlutterProjects\madinaty_app\android\.gradle\5.6.2\fileContent)" [_thread_blocked, id=16104, stack(0x0000000025690000,0x0000000025790000)]
  0x000000001f707800 JavaThread "Cache worker for file content cache (C:\Users\Mohamed\.gradle\caches\5.6.2\fileContent)" [_thread_blocked, id=1956, stack(0x0000000025590000,0x0000000025690000)]
  0x00000000191df800 JavaThread "Memory manager" [_thread_blocked, id=8104, stack(0x0000000025290000,0x0000000025390000)]
  0x00000000191dc800 JavaThread "Cache worker for Build Output Cleanup Cache (C:\xampp\htdocs\FlutterProjects\madinaty_app\android\.gradle\buildOutputCleanup)" [_thread_blocked, id=18828, stack(0x0000000023150000,0x0000000023250000)]
  0x00000000191d5000 JavaThread "Build operations Thread 8" [_thread_blocked, id=4132, stack(0x0000000022a50000,0x0000000022b50000)]
  0x00000000191db800 JavaThread "Build operations Thread 7" [_thread_blocked, id=15752, stack(0x0000000022950000,0x0000000022a50000)]
  0x00000000191d4000 JavaThread "Build operations Thread 6" [_thread_blocked, id=15532, stack(0x0000000022850000,0x0000000022950000)]
  0x00000000191db000 JavaThread "Build operations Thread 5" [_thread_blocked, id=13744, stack(0x0000000022750000,0x0000000022850000)]
  0x00000000191da000 JavaThread "Build operations Thread 4" [_thread_blocked, id=1392, stack(0x0000000022650000,0x0000000022750000)]
  0x00000000191d9800 JavaThread "Build operations Thread 3" [_thread_blocked, id=2308, stack(0x0000000022550000,0x0000000022650000)]
  0x00000000191d2800 JavaThread "Build operations Thread 2" [_thread_blocked, id=18368, stack(0x0000000022230000,0x0000000022330000)]
  0x00000000191d8000 JavaThread "Build operations" [_thread_blocked, id=4964, stack(0x0000000022130000,0x0000000022230000)]
  0x00000000191d7000 JavaThread "Cache worker for execution history cache (C:\Users\Mohamed\.gradle\caches\5.6.2\executionHistory)" [_thread_blocked, id=1824, stack(0x0000000021d70000,0x0000000021e70000)]
  0x00000000191d3800 JavaThread "Cache worker for cache directory md-rule (C:\Users\Mohamed\.gradle\caches\5.6.2\md-rule)" [_thread_blocked, id=1740, stack(0x0000000021c70000,0x0000000021d70000)]
  0x00000000191d6800 JavaThread "Cache worker for cache directory md-supplier (C:\Users\Mohamed\.gradle\caches\5.6.2\md-supplier)" [_thread_blocked, id=19308, stack(0x00000000216a0000,0x00000000217a0000)]
  0x0000000019729000 JavaThread "Cache worker for file hash cache (C:\xampp\htdocs\FlutterProjects\madinaty_app\android\.gradle\5.6.2\fileHashes)" [_thread_blocked, id=18540, stack(0x00000000205d0000,0x00000000206d0000)]
  0x000000001972c000 JavaThread "Cache worker for journal cache (C:\Users\Mohamed\.gradle\caches\journal-1)" [_thread_blocked, id=948, stack(0x000000001c9e0000,0x000000001cae0000)]
  0x0000000019728800 JavaThread "File lock request listener" [_thread_in_native, id=13020, stack(0x000000001c8e0000,0x000000001c9e0000)]
  0x000000001972a000 JavaThread "Cache worker for file hash cache (C:\Users\Mohamed\.gradle\caches\5.6.2\fileHashes)" [_thread_blocked, id=12884, stack(0x000000001c7e0000,0x000000001c8e0000)]
  0x000000001a8c0000 JavaThread "Thread-9" [_thread_blocked, id=18936, stack(0x000000001c6e0000,0x000000001c7e0000)]
  0x000000001a8bd800 JavaThread "Stdin handler" [_thread_blocked, id=19392, stack(0x000000001c3e0000,0x000000001c4e0000)]
  0x000000001a8b9000 JavaThread "Asynchronous log dispatcher for DefaultDaemonConnection: socket connection from /127.0.0.1:59472 to /127.0.0.1:59473" [_thread_blocked, id=11404, stack(0x000000001c1e0000,0x000000001c2e0000)]
  0x000000001a8b7000 JavaThread "Daemon worker" [_thread_in_Java, id=1508, stack(0x000000001c0e0000,0x000000001c1e0000)]
  0x000000001a8a9000 JavaThread "Cancel handler" [_thread_blocked, id=18792, stack(0x000000001bfe0000,0x000000001c0e0000)]
  0x000000001a8a7000 JavaThread "Handler for socket connection from /127.0.0.1:59472 to /127.0.0.1:59473" [_thread_in_native, id=14568, stack(0x000000001bee0000,0x000000001bfe0000)]
  0x000000001a8a4800 JavaThread "Daemon" [_thread_blocked, id=3452, stack(0x000000001bde0000,0x000000001bee0000)]
  0x000000001a887000 JavaThread "Daemon periodic checks" [_thread_blocked, id=6220, stack(0x000000001bce0000,0x000000001bde0000)]
  0x000000001a822800 JavaThread "Incoming local TCP Connector on port 59472" [_thread_in_native, id=14304, stack(0x000000001baa0000,0x000000001bba0000)]
  0x000000001a775000 JavaThread "Daemon health stats" [_thread_blocked, id=17832, stack(0x000000001b460000,0x000000001b560000)]
  0x0000000017ea9800 JavaThread "Service Thread" daemon [_thread_blocked, id=14212, stack(0x0000000018ac0000,0x0000000018bc0000)]
  0x0000000017e5e800 JavaThread "C1 CompilerThread3" daemon [_thread_blocked, id=7580, stack(0x00000000189c0000,0x0000000018ac0000)]
=>0x0000000017e41800 JavaThread "C2 CompilerThread2" daemon [_thread_in_native, id=1160, stack(0x00000000188c0000,0x00000000189c0000)]
  0x0000000017e3d000 JavaThread "C2 CompilerThread1" daemon [_thread_in_native, id=6080, stack(0x00000000187c0000,0x00000000188c0000)]
  0x0000000017df3800 JavaThread "C2 CompilerThread0" daemon [_thread_in_native, id=13300, stack(0x00000000186c0000,0x00000000187c0000)]
  0x0000000017df1000 JavaThread "Attach Listener" daemon [_thread_blocked, id=19068, stack(0x00000000185c0000,0x00000000186c0000)]
  0x0000000017e3c800 JavaThread "Signal Dispatcher" daemon [_thread_blocked, id=7272, stack(0x00000000184c0000,0x00000000185c0000)]
  0x0000000017de0800 JavaThread "Finalizer" daemon [_thread_blocked, id=10264, stack(0x00000000182c0000,0x00000000183c0000)]
  0x0000000015feb800 JavaThread "Reference Handler" daemon [_thread_blocked, id=15812, stack(0x00000000181c0000,0x00000000182c0000)]
  0x0000000002132800 JavaThread "main" [_thread_blocked, id=7080, stack(0x0000000001f40000,0x0000000002040000)]

Other Threads:
  0x0000000015fe6800 VMThread [stack: 0x0000000017cc0000,0x0000000017dc0000] [id=16620]
  0x0000000017eab800 WatcherThread [stack: 0x0000000018bc0000,0x0000000018cc0000] [id=19304]

VM state:not at safepoint (normal execution)

VM Mutex/Monitor currently owned by a thread: None

heap address: 0x00000000a0000000, size: 1536 MB, Compressed Oops mode: 32-bit
Narrow klass base: 0x0000000000000000, Narrow klass shift: 3
Compressed class space size: 1073741824 Address: 0x0000000100000000

Heap:
 PSYoungGen      total 178176K, used 67781K [0x00000000e0000000, 0x00000000edb80000, 0x0000000100000000)
  eden space 153600K, 29% used [0x00000000e0000000,0x00000000e2cf1338,0x00000000e9600000)
  from space 24576K, 88% used [0x00000000e9600000,0x00000000eab40450,0x00000000eae00000)
  to   space 22528K, 0% used [0x00000000eae00000,0x00000000eae00000,0x00000000ec400000)
 ParOldGen       total 205312K, used 38174K [0x00000000a0000000, 0x00000000ac880000, 0x00000000e0000000)
  object space 205312K, 18% used [0x00000000a0000000,0x00000000a2547a68,0x00000000ac880000)
 Metaspace       used 62955K, capacity 66182K, committed 66472K, reserved 1105920K
  class space    used 8632K, capacity 9531K, committed 9640K, reserved 1048576K

Card table byte_map: [0x00000000115f0000,0x0000000011900000] byte_map_base: 0x00000000110f0000

Marking Bits: (ParMarkBitMap*) 0x000000006dfef030
 Begin Bits: [0x0000000012300000, 0x0000000013b00000)
 End Bits:   [0x0000000013b00000, 0x0000000015300000)

Polling page: 0x0000000000580000

CodeCache: size=245760Kb used=25214Kb max_used=25230Kb free=220546Kb
 bounds [0x0000000002230000, 0x0000000003af0000, 0x0000000011230000]
 total_blobs=8794 nmethods=7994 adapters=713
 compilation: enabled

Compilation events (10 events):
Event: 15.184 Thread 0x0000000017e5e800 nmethod 8769 0x0000000003ac67d0 code [0x0000000003ac6940, 0x0000000003ac6b48]
Event: 15.184 Thread 0x0000000017e5e800 8767       1       org.gradle.api.internal.artifacts.DefaultResolvedArtifact::access$000 (5 bytes)
Event: 15.184 Thread 0x0000000017e5e800 nmethod 8767 0x0000000003ac6bd0 code [0x0000000003ac6d20, 0x0000000003ac6e10]
Event: 15.185 Thread 0x0000000017e5e800 8771       3       org.gradle.api.internal.DefaultNamedDomainObjectCollection$UnfilteredIndex::filter (10 bytes)
Event: 15.186 Thread 0x0000000017e5e800 nmethod 8771 0x0000000003ac6e90 code [0x0000000003ac7000, 0x0000000003ac7290]
Event: 15.186 Thread 0x0000000017e5e800 8772       3       org.gradle.api.internal.FactoryNamedDomainObjectContainer_Decorated::getInstantiator (37 bytes)
Event: 15.187 Thread 0x0000000017e5e800 nmethod 8772 0x0000000003ac7390 code [0x0000000003ac7560, 0x0000000003ac7ca8]
Event: 15.188 Thread 0x0000000017e5e800 8773       3       org.gradle.api.internal.collections.FilteredCollection$FilteringIterator::<init> (38 bytes)
Event: 15.188 Thread 0x0000000017e5e800 nmethod 8773 0x0000000003ac7f90 code [0x0000000003ac8120, 0x0000000003ac84e8]
Event: 15.188 Thread 0x0000000017e5e800 8774       1       org.gradle.launcher.daemon.protocol.OutputMessage::getEvent (5 bytes)

GC Heap History (10 events):
Event: 9.858 GC heap before
{Heap before GC invocations=12 (full 2):
 PSYoungGen      total 120832K, used 120298K [0x00000000e0000000, 0x00000000e9c00000, 0x0000000100000000)
  eden space 107008K, 100% used [0x00000000e0000000,0x00000000e6880000,0x00000000e6880000)
  from space 13824K, 96% used [0x00000000e6880000,0x00000000e757abd8,0x00000000e7600000)
  to   space 15360K, 0% used [0x00000000e8d00000,0x00000000e8d00000,0x00000000e9c00000)
 ParOldGen       total 144896K, used 17227K [0x00000000a0000000, 0x00000000a8d80000, 0x00000000e0000000)
  object space 144896K, 11% used [0x00000000a0000000,0x00000000a10d2c60,0x00000000a8d80000)
 Metaspace       used 50304K, capacity 51778K, committed 51880K, reserved 1093632K
  class space    used 6804K, capacity 7245K, committed 7336K, reserved 1048576K
Event: 9.877 GC heap after
Heap after GC invocations=12 (full 2):
 PSYoungGen      total 142336K, used 15350K [0x00000000e0000000, 0x00000000ea080000, 0x0000000100000000)
  eden space 126976K, 0% used [0x00000000e0000000,0x00000000e0000000,0x00000000e7c00000)
  from space 15360K, 99% used [0x00000000e8d00000,0x00000000e9bfd9a8,0x00000000e9c00000)
  to   space 17408K, 0% used [0x00000000e7c00000,0x00000000e7c00000,0x00000000e8d00000)
 ParOldGen       total 144896K, used 18544K [0x00000000a0000000, 0x00000000a8d80000, 0x00000000e0000000)
  object space 144896K, 12% used [0x00000000a0000000,0x00000000a121c358,0x00000000a8d80000)
 Metaspace       used 50304K, capacity 51778K, committed 51880K, reserved 1093632K
  class space    used 6804K, capacity 7245K, committed 7336K, reserved 1048576K
}
Event: 11.577 GC heap before
{Heap before GC invocations=13 (full 2):
 PSYoungGen      total 142336K, used 142326K [0x00000000e0000000, 0x00000000ea080000, 0x0000000100000000)
  eden space 126976K, 100% used [0x00000000e0000000,0x00000000e7c00000,0x00000000e7c00000)
  from space 15360K, 99% used [0x00000000e8d00000,0x00000000e9bfd9a8,0x00000000e9c00000)
  to   space 17408K, 0% used [0x00000000e7c00000,0x00000000e7c00000,0x00000000e8d00000)
 ParOldGen       total 144896K, used 18544K [0x00000000a0000000, 0x00000000a8d80000, 0x00000000e0000000)
  object space 144896K, 12% used [0x00000000a0000000,0x00000000a121c358,0x00000000a8d80000)
 Metaspace       used 56571K, capacity 58606K, committed 58664K, reserved 1099776K
  class space    used 7701K, capacity 8222K, committed 8232K, reserved 1048576K
Event: 11.608 GC heap after
Heap after GC invocations=13 (full 2):
 PSYoungGen      total 144384K, used 17403K [0x00000000e0000000, 0x00000000ec400000, 0x0000000100000000)
  eden space 126976K, 0% used [0x00000000e0000000,0x00000000e0000000,0x00000000e7c00000)
  from space 17408K, 99% used [0x00000000e7c00000,0x00000000e8cfed78,0x00000000e8d00000)
  to   space 22528K, 0% used [0x00000000eae00000,0x00000000eae00000,0x00000000ec400000)
 ParOldGen       total 144896K, used 25899K [0x00000000a0000000, 0x00000000a8d80000, 0x00000000e0000000)
  object space 144896K, 17% used [0x00000000a0000000,0x00000000a194aca0,0x00000000a8d80000)
 Metaspace       used 56571K, capacity 58606K, committed 58664K, reserved 1099776K
  class space    used 7701K, capacity 8222K, committed 8232K, reserved 1048576K
}
Event: 11.862 GC heap before
{Heap before GC invocations=14 (full 2):
 PSYoungGen      total 144384K, used 35117K [0x00000000e0000000, 0x00000000ec400000, 0x0000000100000000)
  eden space 126976K, 13% used [0x00000000e0000000,0x00000000e114c6d8,0x00000000e7c00000)
  from space 17408K, 99% used [0x00000000e7c00000,0x00000000e8cfed78,0x00000000e8d00000)
  to   space 22528K, 0% used [0x00000000eae00000,0x00000000eae00000,0x00000000ec400000)
 ParOldGen       total 144896K, used 25899K [0x00000000a0000000, 0x00000000a8d80000, 0x00000000e0000000)
  object space 144896K, 17% used [0x00000000a0000000,0x00000000a194aca0,0x00000000a8d80000)
 Metaspace       used 57115K, capacity 59116K, committed 59160K, reserved 1099776K
  class space    used 7787K, capacity 8342K, committed 8360K, reserved 1048576K
Event: 11.895 GC heap after
Heap after GC invocations=14 (full 2):
 PSYoungGen      total 176128K, used 19765K [0x00000000e0000000, 0x00000000edb80000, 0x0000000100000000)
  eden space 153600K, 0% used [0x00000000e0000000,0x00000000e0000000,0x00000000e9600000)
  from space 22528K, 87% used [0x00000000eae00000,0x00000000ec14d410,0x00000000ec400000)
  to   space 24576K, 0% used [0x00000000e9600000,0x00000000e9600000,0x00000000eae00000)
 ParOldGen       total 144896K, used 25907K [0x00000000a0000000, 0x00000000a8d80000, 0x00000000e0000000)
  object space 144896K, 17% used [0x00000000a0000000,0x00000000a194cca0,0x00000000a8d80000)
 Metaspace       used 57115K, capacity 59116K, committed 59160K, reserved 1099776K
  class space    used 7787K, capacity 8342K, committed 8360K, reserved 1048576K
}
Event: 11.895 GC heap before
{Heap before GC invocations=15 (full 3):
 PSYoungGen      total 176128K, used 19765K [0x00000000e0000000, 0x00000000edb80000, 0x0000000100000000)
  eden space 153600K, 0% used [0x00000000e0000000,0x00000000e0000000,0x00000000e9600000)
  from space 22528K, 87% used [0x00000000eae00000,0x00000000ec14d410,0x00000000ec400000)
  to   space 24576K, 0% used [0x00000000e9600000,0x00000000e9600000,0x00000000eae00000)
 ParOldGen       total 144896K, used 25907K [0x00000000a0000000, 0x00000000a8d80000, 0x00000000e0000000)
  object space 144896K, 17% used [0x00000000a0000000,0x00000000a194cca0,0x00000000a8d80000)
 Metaspace       used 57115K, capacity 59116K, committed 59160K, reserved 1099776K
  class space    used 7787K, capacity 8342K, committed 8360K, reserved 1048576K
Event: 12.288 GC heap after
Heap after GC invocations=15 (full 3):
 PSYoungGen      total 176128K, used 0K [0x00000000e0000000, 0x00000000edb80000, 0x0000000100000000)
  eden space 153600K, 0% used [0x00000000e0000000,0x00000000e0000000,0x00000000e9600000)
  from space 22528K, 0% used [0x00000000eae00000,0x00000000eae00000,0x00000000ec400000)
  to   space 24576K, 0% used [0x00000000e9600000,0x00000000e9600000,0x00000000eae00000)
 ParOldGen       total 205312K, used 38166K [0x00000000a0000000, 0x00000000ac880000, 0x00000000e0000000)
  object space 205312K, 18% used [0x00000000a0000000,0x00000000a2545a68,0x00000000ac880000)
 Metaspace       used 57115K, capacity 59116K, committed 59160K, reserved 1099776K
  class space    used 7787K, capacity 8342K, committed 8360K, reserved 1048576K
}
Event: 14.590 GC heap before
{Heap before GC invocations=16 (full 3):
 PSYoungGen      total 176128K, used 153600K [0x00000000e0000000, 0x00000000edb80000, 0x0000000100000000)
  eden space 153600K, 100% used [0x00000000e0000000,0x00000000e9600000,0x00000000e9600000)
  from space 22528K, 0% used [0x00000000eae00000,0x00000000eae00000,0x00000000ec400000)
  to   space 24576K, 0% used [0x00000000e9600000,0x00000000e9600000,0x00000000eae00000)
 ParOldGen       total 205312K, used 38166K [0x00000000a0000000, 0x00000000ac880000, 0x00000000e0000000)
  object space 205312K, 18% used [0x00000000a0000000,0x00000000a2545a68,0x00000000ac880000)
 Metaspace       used 62160K, capacity 65310K, committed 65576K, reserved 1105920K
  class space    used 8534K, capacity 9434K, committed 9512K, reserved 1048576K
Event: 14.609 GC heap after
Heap after GC invocations=16 (full 3):
 PSYoungGen      total 178176K, used 21761K [0x00000000e0000000, 0x00000000edb80000, 0x0000000100000000)
  eden space 153600K, 0% used [0x00000000e0000000,0x00000000e0000000,0x00000000e9600000)
  from space 24576K, 88% used [0x00000000e9600000,0x00000000eab40450,0x00000000eae00000)
  to   space 22528K, 0% used [0x00000000eae00000,0x00000000eae00000,0x00000000ec400000)
 ParOldGen       total 205312K, used 38174K [0x00000000a0000000, 0x00000000ac880000, 0x00000000e0000000)
  object space 205312K, 18% used [0x00000000a0000000,0x00000000a2547a68,0x00000000ac880000)
 Metaspace       used 62160K, capacity 65310K, committed 65576K, reserved 1105920K
  class space    used 8534K, capacity 9434K, committed 9512K, reserved 1048576K
}

Deoptimization events (10 events):
Event: 14.860 Thread 0x000000001a8b7000 Uncommon trap: reason=bimorphic action=maybe_recompile pc=0x000000000358cd80 method=com.google.common.collect.ImmutableList.copyOf(Ljava/util/Collection;)Lcom/google/common/collect/ImmutableList; @ 11
Event: 14.863 Thread 0x000000001a8b7000 Uncommon trap: reason=unstable_if action=reinterpret pc=0x000000000371aac0 method=org.gradle.api.internal.attributes.DefaultImmutableAttributes.findEntry(Ljava/lang/String;)Lorg/gradle/api/internal/attributes/AttributeValue; @ 5
Event: 14.870 Thread 0x000000001a8b7000 Uncommon trap: reason=unstable_if action=reinterpret pc=0x0000000002f419d8 method=org.gradle.api.internal.attributes.DefaultImmutableAttributes.equals(Ljava/lang/Object;)Z @ 2
Event: 14.884 Thread 0x000000001a8b7000 Uncommon trap: reason=class_check action=maybe_recompile pc=0x000000000277f424 method=com.google.common.collect.ImmutableList.hashCode()I @ 23
Event: 14.884 Thread 0x000000001a8b7000 Uncommon trap: reason=class_check action=maybe_recompile pc=0x000000000277f3fc method=com.google.common.collect.ImmutableList.hashCode()I @ 3
Event: 14.886 Thread 0x000000001a8b7000 Uncommon trap: reason=class_check action=maybe_recompile pc=0x000000000277f3fc method=com.google.common.collect.ImmutableList.hashCode()I @ 3
Event: 14.886 Thread 0x000000001a8b7000 Uncommon trap: reason=class_check action=maybe_recompile pc=0x000000000277f424 method=com.google.common.collect.ImmutableList.hashCode()I @ 23
Event: 14.954 Thread 0x000000001a8b7000 Uncommon trap: reason=predicate action=maybe_recompile pc=0x0000000003a0d5f4 method=java.util.AbstractCollection.toArray([Ljava/lang/Object;)[Ljava/lang/Object; @ 49
Event: 14.960 Thread 0x000000001a8b7000 Uncommon trap: reason=bimorphic action=maybe_recompile pc=0x00000000034b9f08 method=groovy.lang.MetaClassImpl.makeReplacementMetaProperty(Lgroovy/lang/MetaProperty;Ljava/lang/String;ZLgroovy/lang/MetaMethod;)Lgroovy/lang/MetaProperty; @ 14
Event: 15.119 Thread 0x000000001a8b7000 Uncommon trap: reason=unstable_if action=reinterpret pc=0x000000000305adb0 method=com.esotericsoftware.kryo.io.Input.readVarLong(Z)J @ 7

Classes redefined (0 events):
No events

Internal exceptions (10 events):
Event: 14.061 Thread 0x000000001a8b7000 Exception <a 'java/lang/NoSuchMethodError': java.lang.Object.lambda$static$3(Ljava/util/Set;Ljava/util/Set;)Z> (0x00000000e6c05500) thrown at [C:\src\AOSP-openjdk-git\hotspot\src\share\vm\interpreter\linkResolver.cpp, line 620]
Event: 14.061 Thread 0x000000001a8b7000 Exception <a 'java/lang/NoSuchMethodError': java.lang.Object.lambda$static$4(Ljava/util/Set;Ljava/util/Set;)Z> (0x00000000e6c08040) thrown at [C:\src\AOSP-openjdk-git\hotspot\src\share\vm\interpreter\linkResolver.cpp, line 620]
Event: 14.149 Thread 0x000000001a8b7000 Exception <a 'java/lang/ClassNotFoundException': com/sun/org/glassfish/hk2/osgiresourcelocator/ServiceLoader> (0x00000000e7283b48) thrown at [C:\src\AOSP-openjdk-git\hotspot\src\share\vm\classfile\systemDictionary.cpp, line 210]
Event: 14.202 Thread 0x000000001a8b7000 Exception <a 'java/lang/NullPointerException'> (0x00000000e77f0778) thrown at [C:\src\AOSP-openjdk-git\hotspot\src\share\vm\interpreter\linkResolver.cpp, line 1287]
Event: 14.936 Thread 0x000000001a8b7000 Exception <a 'java/lang/ClassNotFoundException': org/gradle/api/internal/file/collections/DefaultConfigurableFileCollectionBeanInfo> (0x00000000e1607550) thrown at [C:\src\AOSP-openjdk-git\hotspot\src\share\vm\classfile\systemDictionary.cpp, line 210]
Event: 14.936 Thread 0x000000001a8b7000 Exception <a 'java/lang/ClassNotFoundException': org/gradle/api/internal/file/collections/DefaultConfigurableFileCollectionCustomizer> (0x00000000e1628648) thrown at [C:\src\AOSP-openjdk-git\hotspot\src\share\vm\classfile\systemDictionary.cpp, line 210]
Event: 14.940 Thread 0x000000001a8b7000 Exception <a 'java/lang/ClassNotFoundException': org/gradle/api/internal/file/UnionFileCollectionBeanInfo> (0x00000000e16ce4d0) thrown at [C:\src\AOSP-openjdk-git\hotspot\src\share\vm\classfile\systemDictionary.cpp, line 210]
Event: 14.941 Thread 0x000000001a8b7000 Exception <a 'java/lang/ClassNotFoundException': org/gradle/api/internal/file/UnionFileCollectionCustomizer> (0x00000000e16e6e98) thrown at [C:\src\AOSP-openjdk-git\hotspot\src\share\vm\classfile\systemDictionary.cpp, line 210]
Event: 14.960 Thread 0x000000001a8b7000 Exception <a 'java/lang/ClassNotFoundException': java/util/regex/MatcherBeanInfo> (0x00000000e190f3a0) thrown at [C:\src\AOSP-openjdk-git\hotspot\src\share\vm\classfile\systemDictionary.cpp, line 210]
Event: 14.960 Thread 0x000000001a8b7000 Exception <a 'java/lang/ClassNotFoundException': java/util/regex/MatcherCustomizer> (0x00000000e1918fd0) thrown at [C:\src\AOSP-openjdk-git\hotspot\src\share\vm\classfile\systemDictionary.cpp, line 210]

Events (10 events):
Event: 14.963 loading class org/codehaus/groovy/runtime/dgm$1186 done
Event: 14.963 loading class org/codehaus/groovy/runtime/dgm$1187
Event: 14.963 loading class org/codehaus/groovy/runtime/dgm$1187 done
Event: 14.963 loading class org/codehaus/groovy/runtime/dgm$1188
Event: 14.963 loading class org/codehaus/groovy/runtime/dgm$1188 done
Event: 14.964 loading class org/codehaus/groovy/runtime/dgm$1189
Event: 14.964 loading class org/codehaus/groovy/runtime/dgm$1189 done
Event: 15.119 Thread 0x000000001a8b7000 Uncommon trap: trap_request=0xffffff65 fr.pc=0x000000000305adb0
Event: 15.119 Thread 0x000000001a8b7000 DEOPT PACKING pc=0x000000000305adb0 sp=0x000000001c1da870
Event: 15.119 Thread 0x000000001a8b7000 DEOPT UNPACKING pc=0x000000000227557b sp=0x000000001c1da820 mode 2


Dynamic libraries:
0x00007ff78f810000 - 0x00007ff78f841000 	E:\Android\Android Studio\jre\bin\java.exe
0x00007ff842f20000 - 0x00007ff84310d000 	C:\Windows\SYSTEM32\ntdll.dll
0x00007ff813ca0000 - 0x00007ff813cb2000 	C:\Program Files\AVG\Antivirus\aswhook.dll
0x00007ff841130000 - 0x00007ff8411e3000 	C:\Windows\System32\KERNEL32.DLL
0x00007ff83fea0000 - 0x00007ff840135000 	C:\Windows\System32\KERNELBASE.dll
0x00007ff840800000 - 0x00007ff8408a3000 	C:\Windows\System32\ADVAPI32.dll
0x00007ff842d10000 - 0x00007ff842dae000 	C:\Windows\System32\msvcrt.dll
0x00007ff842a80000 - 0x00007ff842b1e000 	C:\Windows\System32\sechost.dll
0x00007ff8411f0000 - 0x00007ff841312000 	C:\Windows\System32\RPCRT4.dll
0x00007ff840660000 - 0x00007ff8407f7000 	C:\Windows\System32\USER32.dll
0x00007ff83fe80000 - 0x00007ff83fea0000 	C:\Windows\System32\win32u.dll
0x00007ff8414d0000 - 0x00007ff8414f9000 	C:\Windows\System32\GDI32.dll
0x00007ff83fce0000 - 0x00007ff83fe7c000 	C:\Windows\System32\gdi32full.dll
0x00007ff83fb10000 - 0x00007ff83fbb0000 	C:\Windows\System32\msvcp_win.dll
0x00007ff83f9f0000 - 0x00007ff83faea000 	C:\Windows\System32\ucrtbase.dll
0x00007ff82f280000 - 0x00007ff82f4f9000 	C:\Windows\WinSxS\amd64_microsoft.windows.common-controls_6595b64144ccf1df_6.0.17763.1577_none_de7444545348a3d0\COMCTL32.dll
0x00007ff840a30000 - 0x00007ff840d5d000 	C:\Windows\System32\combase.dll
0x00007ff83fc10000 - 0x00007ff83fc8e000 	C:\Windows\System32\bcryptPrimitives.dll
0x00007ff840150000 - 0x00007ff84017e000 	C:\Windows\System32\IMM32.DLL
0x000000006d5b0000 - 0x000000006d682000 	E:\Android\Android Studio\jre\jre\bin\msvcr100.dll
0x000000006d820000 - 0x000000006e06b000 	E:\Android\Android Studio\jre\jre\bin\server\jvm.dll
0x00007ff840a20000 - 0x00007ff840a28000 	C:\Windows\System32\PSAPI.DLL
0x00007ff82c6e0000 - 0x00007ff82c6e9000 	C:\Windows\SYSTEM32\WSOCK32.dll
0x00007ff842db0000 - 0x00007ff842e1d000 	C:\Windows\System32\WS2_32.dll
0x00007ff83cc30000 - 0x00007ff83cc54000 	C:\Windows\SYSTEM32\WINMM.dll
0x00007ff83da80000 - 0x00007ff83da8a000 	C:\Windows\SYSTEM32\VERSION.dll
0x00007ff83cc00000 - 0x00007ff83cc2d000 	C:\Windows\SYSTEM32\WINMMBASE.dll
0x00007ff83fc90000 - 0x00007ff83fcda000 	C:\Windows\System32\cfgmgr32.dll
0x00007ff83db00000 - 0x00007ff83db0f000 	E:\Android\Android Studio\jre\jre\bin\verify.dll
0x00007ff838350000 - 0x00007ff838379000 	E:\Android\Android Studio\jre\jre\bin\java.dll
0x00007ff838330000 - 0x00007ff838346000 	E:\Android\Android Studio\jre\jre\bin\zip.dll
0x00007ff841500000 - 0x00007ff8429f9000 	C:\Windows\System32\SHELL32.dll
0x00007ff840970000 - 0x00007ff840a18000 	C:\Windows\System32\shcore.dll
0x00007ff83efd0000 - 0x00007ff83f723000 	C:\Windows\System32\windows.storage.dll
0x00007ff83ef00000 - 0x00007ff83ef24000 	C:\Windows\System32\profapi.dll
0x00007ff83ef50000 - 0x00007ff83efad000 	C:\Windows\System32\powrprof.dll
0x00007ff840d60000 - 0x00007ff840db2000 	C:\Windows\System32\shlwapi.dll
0x00007ff83ef30000 - 0x00007ff83ef41000 	C:\Windows\System32\kernel.appcore.dll
0x00007ff83faf0000 - 0x00007ff83fb07000 	C:\Windows\System32\cryptsp.dll
0x00007ff833630000 - 0x00007ff83364a000 	E:\Android\Android Studio\jre\jre\bin\net.dll
0x00007ff83e770000 - 0x00007ff83e7d7000 	C:\Windows\system32\mswsock.dll
0x00007ff832d30000 - 0x00007ff832d43000 	E:\Android\Android Studio\jre\jre\bin\nio.dll
0x00007ff82fb10000 - 0x00007ff82fb36000 	C:\Users\Mohamed\.gradle\native\30\windows-amd64\native-platform.dll
0x00007ff83ccc0000 - 0x00007ff83cccd000 	E:\Android\Android Studio\jre\jre\bin\management.dll
0x00007ff83e2f0000 - 0x00007ff83e323000 	C:\Windows\system32\rsaenh.dll
0x00007ff83f730000 - 0x00007ff83f756000 	C:\Windows\System32\bcrypt.dll
0x00007ff83ee00000 - 0x00007ff83ee29000 	C:\Windows\SYSTEM32\USERENV.dll
0x00007ff83e940000 - 0x00007ff83e94c000 	C:\Windows\SYSTEM32\CRYPTBASE.dll
0x00007ff83e490000 - 0x00007ff83e4cd000 	C:\Windows\SYSTEM32\IPHLPAPI.DLL
0x00007ff840140000 - 0x00007ff840148000 	C:\Windows\System32\NSI.dll
0x00007ff8392d0000 - 0x00007ff8392e6000 	C:\Windows\SYSTEM32\dhcpcsvc6.DLL
0x00007ff839590000 - 0x00007ff8395ac000 	C:\Windows\SYSTEM32\dhcpcsvc.DLL
0x00007ff83e4d0000 - 0x00007ff83e596000 	C:\Windows\SYSTEM32\DNSAPI.dll

VM Arguments:
jvm_args: -Xmx1536M -Dfile.encoding=windows-1256 -Duser.country=US -Duser.language=en -Duser.variant 
java_command: org.gradle.launcher.daemon.bootstrap.GradleDaemon 5.6.2
java_class_path (initial): C:\Users\Mohamed\.gradle\wrapper\dists\gradle-5.6.2-all\9st6wgf78h16so49nn74lgtbb\gradle-5.6.2\lib\gradle-launcher-5.6.2.jar
Launcher Type: SUN_STANDARD

Environment Variables:
JAVA_HOME=E:\Android\Android Studio\jre
CLASSPATH=C:\xampp\htdocs\FlutterProjects\madinaty_app\android\\gradle\wrapper\gradle-wrapper.jar
PATH=;C:\Program Files (x86)\Common Files\Oracle\Java\javapath;C:\Program Files (x86)\Eazfuscator.NET;C:\Program Files (x86)\iis express\PHP\v7.1;C:\Windows\system32;C:\Windows;C:\Windows\System32\Wbem;C:\Windows\System32\WindowsPowerShell\v1.0\;C:\Windows\System32\OpenSSH\;C:\Program Files\dotnet\;C:\Users\Mohamed\AppData\Local\Microsoft\WindowsApps;C:\Program Files\Git\cmd;C:\Program Files\Common Files\Autodesk Shared\;C:\Program Files (x86)\NVIDIA Corporation\PhysX\Common;C:\Program Files\NVIDIA GPU Computing Toolkit\CUDA\v10.1\extras\CUPTI\lib64;C:\Program Files\NVIDIA GPU Computing Toolkit\CUDA\v10.1\include;F:\Programming\tensorflow\tools\cuda\bin;F:\Programming\tensorflow\tools\TensorRT-6.0.1.5;F:\Programming\tensorflow\MiniConda3Installation;c:\Program Files\Microsoft VS Code\bin;F:\Programming\tensorflow\PythonInstallation\Scripts;C:\Program Files\nodejs\;F:\Programming\tensorflow\PythonInstallation\Scripts\;F:\Programming\tensorflow\PythonInstallation\;C:\Users\Mohamed\AppData\Local\Microsoft\WindowsApps;D:\flutterSDK\flutter\bin;F:\Programming\tensorflow\PyCharm 2019.3.4\bin;;C:\Program Files\NVIDIA GPU Computing Toolkit\CUDA\v10.1\bin;C:\Program Files\NVIDIA GPU Computing Toolkit\CUDA\v10.1\extras\CUPTI\libx64;C:\Program Files\NVIDIA GPU Computing Toolkit\CUDA\v10.1\include;C:\Program Files\NVIDIA GPU Computing Toolkit\CUDA\v10.1\libnvvp;C:\Program Files\NVIDIA GPU Computing Toolkit\CUDA\v10.1\lib\x64;C:\Users\Mohamed\AppData\Roaming\npm;D:\flutterSDK\flutter\bin\mingit\cmd
USERNAME=Mohamed
OS=Windows_NT
PROCESSOR_IDENTIFIER=Intel64 Family 6 Model 44 Stepping 2, GenuineIntel



---------------  S Y S T E M  ---------------

OS: Windows 10.0 , 64 bit Build 17763 (10.0.17763.475)

CPU:total 8 (initial active 8) (4 cores per cpu, 2 threads per core) family 6 model 44 stepping 2, cmov, cx8, fxsr, mmx, sse, sse2, sse3, ssse3, sse4.1, sse4.2, popcnt, aes, clmul, ht, tsc, tscinvbit, tscinv

Memory: 4k page, physical 12580436k(4433508k free), swap 15140436k(5788k free)

vm_info: OpenJDK 64-Bit Server VM (25.242-b01) for windows-amd64 JRE (1.8.0_242-release-1644-b01), built by "builder" with MS VC++ 10.0 (VS2010)

time: Mon Nov 30 20:40:41 2020
timezone: Egypt Standard Time
elapsed time: 15 seconds (0d 0h 0m 15s)

