#
# There is insufficient memory for the Java Runtime Environment to continue.
# Native memory allocation (malloc) failed to allocate 32744 bytes for ChunkPool::allocate
# Possible reasons:
#   The system is out of physical RAM or swap space
#   The process is running with CompressedOops enabled, and the Java Heap may be blocking the growth of the native heap
# Possible solutions:
#   Reduce memory load on the system
#   Increase physical memory or swap space
#   Check if swap backing store is full
#   Decrease Java heap size (-Xmx/-Xms)
#   Decrease number of Java threads
#   Decrease Java thread stack sizes (-Xss)
#   Set larger code cache with -XX:ReservedCodeCacheSize=
#   JVM is running with Zero Based Compressed Oops mode in which the Java heap is
#     placed in the first 32GB address space. The Java Heap base address is the
#     maximum limit for the native heap growth. Please use -XX:HeapBaseMinAddress
#     to set the Java Heap base and to place the Java Heap above 32GB virtual address.
# This output file may be truncated or incomplete.
#
#  Out of Memory Error (allocation.cpp:272), pid=10860, tid=0x0000000000004484
#
# JRE version: OpenJDK Runtime Environment (8.0_242-b01) (build 1.8.0_242-release-1644-b01)
# Java VM: OpenJDK 64-Bit Server VM (25.242-b01 mixed mode windows-amd64 compressed oops)
# Failed to write core dump. Minidumps are not enabled by default on client versions of Windows
#

---------------  T H R E A D  ---------------

Current thread (0x000000001c31a000):  JavaThread "C1 CompilerThread3" daemon [_thread_in_vm, id=17540, stack(0x000000001cf10000,0x000000001d010000)]

Stack: [0x000000001cf10000,0x000000001d010000]
[error occurred during error reporting (printing stack bounds), id 0xc0000005]

Native frames: (J=compiled Java code, j=interpreted, Vv=VM code, C=native code)


Current CompileTask:
C1:  17280  909   !   3       org.gradle.internal.remote.internal.inet.SocketConnection::receive (142 bytes)


---------------  P R O C E S S  ---------------

Java Threads: ( => current thread )
  0x000000001dcbe000 JavaThread "Forward input" [_thread_blocked, id=9708, stack(0x000000001f220000,0x000000001f320000)]
  0x000000001dcbd000 JavaThread "DisconnectableInputStream source reader" daemon [_thread_in_native, id=17292, stack(0x000000001f120000,0x000000001f220000)]
  0x000000001dc19000 JavaThread "pool-1-thread-1" [_thread_blocked, id=16192, stack(0x000000001e9e0000,0x000000001eae0000)]
  0x000000001c3f5800 JavaThread "Service Thread" daemon [_thread_blocked, id=10396, stack(0x000000001d010000,0x000000001d110000)]
=>0x000000001c31a000 JavaThread "C1 CompilerThread3" daemon [_thread_in_vm, id=17540, stack(0x000000001cf10000,0x000000001d010000)]
  0x000000001c318000 JavaThread "C2 CompilerThread2" daemon [_thread_blocked, id=13912, stack(0x000000001ce10000,0x000000001cf10000)]
  0x000000001c317800 JavaThread "C2 CompilerThread1" daemon [_thread_blocked, id=12812, stack(0x000000001cd10000,0x000000001ce10000)]
  0x000000001c312800 JavaThread "C2 CompilerThread0" daemon [_thread_blocked, id=9200, stack(0x000000001cc10000,0x000000001cd10000)]
  0x000000001c310000 JavaThread "Attach Listener" daemon [_thread_blocked, id=12392, stack(0x000000001cb10000,0x000000001cc10000)]
  0x000000001c35e800 JavaThread "Signal Dispatcher" daemon [_thread_blocked, id=18252, stack(0x000000001ca10000,0x000000001cb10000)]
  0x000000001c300800 JavaThread "Finalizer" daemon [_thread_blocked, id=2908, stack(0x000000001c7e0000,0x000000001c8e0000)]
  0x0000000002ee8000 JavaThread "Reference Handler" daemon [_thread_blocked, id=9628, stack(0x000000001c6e0000,0x000000001c7e0000)]
  0x0000000002df2800 JavaThread "main" [_thread_in_native, id=13480, stack(0x0000000002ca0000,0x0000000002da0000)]

Other Threads:
  0x000000001a4e6800 VMThread [stack: 0x000000001c1e0000,0x000000001c2e0000] [id=15492]
  0x000000001c3fe800 WatcherThread [stack: 0x000000001d110000,0x000000001d210000] [id=14976]

VM state:synchronizing (normal execution)

VM Mutex/Monitor currently owned by a thread:  ([mutex/lock_event])
[0x0000000002dcd630] Threads_lock - owner thread: 0x000000001a4e6800

heap address: 0x0000000700000000, size: 3072 MB, Compressed Oops mode: Zero based, Oop shift amount: 3
Narrow klass base: 0x0000000000000000, Narrow klass shift: 3
Compressed class space size: 1073741824 Address: 0x00000007c0000000

Heap:
 PSYoungGen      total 57344K, used 40324K [0x0000000780000000, 0x0000000784000000, 0x00000007c0000000)
  eden space 49152K, 82% used [0x0000000780000000,0x0000000782761220,0x0000000783000000)
  from space 8192K, 0% used [0x0000000783800000,0x0000000783800000,0x0000000784000000)
  to   space 8192K, 0% used [0x0000000783000000,0x0000000783000000,0x0000000783800000)
 ParOldGen       total 131072K, used 0K [0x0000000700000000, 0x0000000708000000, 0x0000000780000000)
  object space 131072K, 0% used [0x0000000700000000,0x0000000700000000,0x0000000708000000)
 Metaspace       used 10249K, capacity 10486K, committed 10752K, reserved 1058816K
  class space    used 1342K, capacity 1433K, committed 1536K, reserved 1048576K

Card table byte_map: [0x00000000122b0000,0x00000000128c0000] byte_map_base: 0x000000000eab0000

Marking Bits: (ParMarkBitMap*) 0x000000006dfef030
 Begin Bits: [0x00000000134c0000, 0x00000000164c0000)
 End Bits:   [0x00000000164c0000, 0x00000000194c0000)

Polling page: 0x0000000002da0000

CodeCache: size=245760Kb used=3215Kb max_used=3226Kb free=242544Kb
 bounds [0x0000000002ef0000, 0x0000000003220000, 0x0000000011ef0000]
 total_blobs=1264 nmethods=908 adapters=271
 compilation: enabled

Compilation events (10 events):
Event: 13.817 Thread 0x000000001c31a000 nmethod 904 0x0000000003212f50 code [0x00000000032130c0, 0x00000000032132c8]
Event: 13.817 Thread 0x000000001c31a000  905       3       java.util.concurrent.locks.ReentrantLock$Sync::nonfairTryAcquire (67 bytes)
Event: 13.817 Thread 0x000000001c31a000 nmethod 905 0x0000000003213350 code [0x00000000032134e0, 0x0000000003213c28]
Event: 13.817 Thread 0x000000001c31a000  906       1       org.gradle.internal.logging.console.ThrottlingOutputEventListener::access$000 (5 bytes)
Event: 13.817 Thread 0x000000001c31a000 nmethod 906 0x0000000003213dd0 code [0x0000000003213f20, 0x0000000003214010]
Event: 13.817 Thread 0x000000001c31a000  907       1       org.gradle.internal.logging.events.UpdateNowEvent::getLogLevel (2 bytes)
Event: 13.817 Thread 0x000000001c31a000 nmethod 907 0x0000000003214090 code [0x00000000032141e0, 0x00000000032142f0]
Event: 17.114 Thread 0x000000001c318000  908       4       com.esotericsoftware.kryo.io.Input::require (220 bytes)
Event: 17.114 Thread 0x000000001c31a000  909   !   3       org.gradle.internal.remote.internal.inet.SocketConnection::receive (142 bytes)
Event: 17.119 Thread 0x000000001c318000 nmethod 908 0x0000000003217590 code [0x00000000032176e0, 0x0000000003217918]

GC Heap History (0 events):
No events

Deoptimization events (8 events):
Event: 0.899 Thread 0x0000000002df2800 Uncommon trap: reason=unstable_if action=reinterpret pc=0x0000000003088908 method=java.util.regex.Matcher.reset()Ljava/util/regex/Matcher; @ 47
Event: 0.899 Thread 0x0000000002df2800 Uncommon trap: reason=class_check action=maybe_recompile pc=0x000000000308e494 method=java.util.regex.Matcher.match(II)Z @ 86
Event: 0.899 Thread 0x0000000002df2800 Uncommon trap: reason=class_check action=maybe_recompile pc=0x000000000308e494 method=java.util.regex.Matcher.match(II)Z @ 86
Event: 0.900 Thread 0x0000000002df2800 Uncommon trap: reason=class_check action=maybe_recompile pc=0x000000000308e494 method=java.util.regex.Matcher.match(II)Z @ 86
Event: 0.900 Thread 0x0000000002df2800 Uncommon trap: reason=class_check action=maybe_recompile pc=0x000000000308e494 method=java.util.regex.Matcher.match(II)Z @ 86
Event: 1.119 Thread 0x0000000002df2800 Uncommon trap: reason=unstable_if action=reinterpret pc=0x00000000031589cc method=java.util.HashMap.hash(Ljava/lang/Object;)I @ 1
Event: 1.246 Thread 0x0000000002df2800 Uncommon trap: reason=unstable_if action=reinterpret pc=0x00000000031537c4 method=java.util.HashMap.getNode(ILjava/lang/Object;)Ljava/util/HashMap$Node; @ 129
Event: 1.246 Thread 0x0000000002df2800 Uncommon trap: reason=bimorphic action=maybe_recompile pc=0x0000000003165d9c method=java.util.HashMap.putVal(ILjava/lang/Object;Ljava/lang/Object;ZZ)Ljava/lang/Object; @ 203

Classes redefined (0 events):
No events

Internal exceptions (10 events):
Event: 1.119 Thread 0x0000000002df2800 Implicit null exception at 0x0000000003158795 to 0x00000000031589bd
Event: 1.126 Thread 0x0000000002df2800 Exception <a 'java/lang/ArrayIndexOutOfBoundsException'> (0x0000000781c0c708) thrown at [C:\src\AOSP-openjdk-git\hotspot\src\share\vm\runtime\sharedRuntime.cpp, line 605]
Event: 1.127 Thread 0x0000000002df2800 Exception <a 'java/lang/ArrayIndexOutOfBoundsException'> (0x0000000781c10a68) thrown at [C:\src\AOSP-openjdk-git\hotspot\src\share\vm\runtime\sharedRuntime.cpp, line 605]
Event: 1.133 Thread 0x0000000002df2800 Exception <a 'java/lang/ArrayIndexOutOfBoundsException'> (0x0000000781c72798) thrown at [C:\src\AOSP-openjdk-git\hotspot\src\share\vm\runtime\sharedRuntime.cpp, line 605]
Event: 1.134 Thread 0x0000000002df2800 Exception <a 'java/lang/ArrayIndexOutOfBoundsException'> (0x0000000781c73868) thrown at [C:\src\AOSP-openjdk-git\hotspot\src\share\vm\runtime\sharedRuntime.cpp, line 605]
Event: 1.134 Thread 0x0000000002df2800 Exception <a 'java/lang/ArrayIndexOutOfBoundsException'> (0x0000000781c74740) thrown at [C:\src\AOSP-openjdk-git\hotspot\src\share\vm\runtime\sharedRuntime.cpp, line 605]
Event: 1.134 Thread 0x0000000002df2800 Exception <a 'java/lang/ArrayIndexOutOfBoundsException'> (0x0000000781c77da0) thrown at [C:\src\AOSP-openjdk-git\hotspot\src\share\vm\runtime\sharedRuntime.cpp, line 605]
Event: 1.134 Thread 0x0000000002df2800 Exception <a 'java/lang/ArrayIndexOutOfBoundsException'> (0x0000000781c7af00) thrown at [C:\src\AOSP-openjdk-git\hotspot\src\share\vm\runtime\sharedRuntime.cpp, line 605]
Event: 1.185 Thread 0x0000000002df2800 Exception <a 'java/lang/NoSuchFieldError': method resolution failed> (0x0000000781e466a8) thrown at [C:\src\AOSP-openjdk-git\hotspot\src\share\vm\prims\methodHandles.cpp, line 1167]
Event: 1.187 Thread 0x0000000002df2800 Exception <a 'java/lang/NoSuchFieldError': method resolution failed> (0x0000000781e54168) thrown at [C:\src\AOSP-openjdk-git\hotspot\src\share\vm\prims\methodHandles.cpp, line 1167]

Events (10 events):
Event: 4.188 Executing VM operation: EnableBiasedLocking
Event: 4.188 Executing VM operation: EnableBiasedLocking done
Event: 17.112 loading class java/lang/Class$4
Event: 17.112 loading class java/lang/Class$4 done
Event: 17.112 loading class org/gradle/internal/logging/events/StyledTextOutputEvent$Span
Event: 17.112 loading class org/gradle/internal/logging/events/StyledTextOutputEvent$Span done
Event: 17.113 loading class org/gradle/internal/logging/events/operations/StyledTextBuildOperationProgressDetails$Span
Event: 17.113 loading class org/gradle/internal/logging/events/operations/StyledTextBuildOperationProgressDetails$Span done
Event: 17.116 loading class org/gradle/internal/logging/text/AbstractLineChoppingStyledTextOutput$StateContext
Event: 17.116 loading class org/gradle/internal/logging/text/AbstractLineChoppingStyledTextOutput$StateContext done


Dynamic libraries:
0x00007ff72faf0000 - 0x00007ff72fb21000 	E:\Android\Android Studio\jre\bin\java.exe
0x00007ff842f20000 - 0x00007ff84310d000 	C:\Windows\SYSTEM32\ntdll.dll
0x00007ff813ca0000 - 0x00007ff813cb2000 	C:\Program Files\AVG\Antivirus\aswhook.dll
0x00007ff841130000 - 0x00007ff8411e3000 	C:\Windows\System32\KERNEL32.DLL
0x00007ff83fea0000 - 0x00007ff840135000 	C:\Windows\System32\KERNELBASE.dll
0x00007ff840800000 - 0x00007ff8408a3000 	C:\Windows\System32\ADVAPI32.dll
0x00007ff842d10000 - 0x00007ff842dae000 	C:\Windows\System32\msvcrt.dll
0x00007ff842a80000 - 0x00007ff842b1e000 	C:\Windows\System32\sechost.dll
0x00007ff8411f0000 - 0x00007ff841312000 	C:\Windows\System32\RPCRT4.dll
0x00007ff840660000 - 0x00007ff8407f7000 	C:\Windows\System32\USER32.dll
0x00007ff83fe80000 - 0x00007ff83fea0000 	C:\Windows\System32\win32u.dll
0x00007ff8414d0000 - 0x00007ff8414f9000 	C:\Windows\System32\GDI32.dll
0x00007ff83fce0000 - 0x00007ff83fe7c000 	C:\Windows\System32\gdi32full.dll
0x00007ff83fb10000 - 0x00007ff83fbb0000 	C:\Windows\System32\msvcp_win.dll
0x00007ff83f9f0000 - 0x00007ff83faea000 	C:\Windows\System32\ucrtbase.dll
0x00007ff82f280000 - 0x00007ff82f4f9000 	C:\Windows\WinSxS\amd64_microsoft.windows.common-controls_6595b64144ccf1df_6.0.17763.1577_none_de7444545348a3d0\COMCTL32.dll
0x00007ff840a30000 - 0x00007ff840d5d000 	C:\Windows\System32\combase.dll
0x00007ff83fc10000 - 0x00007ff83fc8e000 	C:\Windows\System32\bcryptPrimitives.dll
0x00007ff840150000 - 0x00007ff84017e000 	C:\Windows\System32\IMM32.DLL
0x000000006d640000 - 0x000000006d712000 	E:\Android\Android Studio\jre\jre\bin\msvcr100.dll
0x000000006d820000 - 0x000000006e06b000 	E:\Android\Android Studio\jre\jre\bin\server\jvm.dll
0x00007ff840a20000 - 0x00007ff840a28000 	C:\Windows\System32\PSAPI.DLL
0x00007ff82c6e0000 - 0x00007ff82c6e9000 	C:\Windows\SYSTEM32\WSOCK32.dll
0x00007ff842db0000 - 0x00007ff842e1d000 	C:\Windows\System32\WS2_32.dll
0x00007ff83cc30000 - 0x00007ff83cc54000 	C:\Windows\SYSTEM32\WINMM.dll
0x00007ff83da80000 - 0x00007ff83da8a000 	C:\Windows\SYSTEM32\VERSION.dll
0x00007ff83cc00000 - 0x00007ff83cc2d000 	C:\Windows\SYSTEM32\WINMMBASE.dll
0x00007ff83fc90000 - 0x00007ff83fcda000 	C:\Windows\System32\cfgmgr32.dll
0x00007ff832840000 - 0x00007ff83284f000 	E:\Android\Android Studio\jre\jre\bin\verify.dll
0x00007ff8304a0000 - 0x00007ff8304c9000 	E:\Android\Android Studio\jre\jre\bin\java.dll
0x00007ff830d70000 - 0x00007ff830d86000 	E:\Android\Android Studio\jre\jre\bin\zip.dll
0x00007ff841500000 - 0x00007ff8429f9000 	C:\Windows\System32\SHELL32.dll
0x00007ff840970000 - 0x00007ff840a18000 	C:\Windows\System32\shcore.dll
0x00007ff83efd0000 - 0x00007ff83f723000 	C:\Windows\System32\windows.storage.dll
0x00007ff83ef00000 - 0x00007ff83ef24000 	C:\Windows\System32\profapi.dll
0x00007ff83ef50000 - 0x00007ff83efad000 	C:\Windows\System32\powrprof.dll
0x00007ff840d60000 - 0x00007ff840db2000 	C:\Windows\System32\shlwapi.dll
0x00007ff83ef30000 - 0x00007ff83ef41000 	C:\Windows\System32\kernel.appcore.dll
0x00007ff83faf0000 - 0x00007ff83fb07000 	C:\Windows\System32\cryptsp.dll
0x00007ff830aa0000 - 0x00007ff830aba000 	E:\Android\Android Studio\jre\jre\bin\net.dll
0x00007ff83e770000 - 0x00007ff83e7d7000 	C:\Windows\system32\mswsock.dll
0x00007ff830a40000 - 0x00007ff830a53000 	E:\Android\Android Studio\jre\jre\bin\nio.dll
0x00007ff82ccf0000 - 0x00007ff82cd16000 	C:\Users\Mohamed\.gradle\native\30\windows-amd64\native-platform.dll
0x00007ff832550000 - 0x00007ff83255d000 	E:\Android\Android Studio\jre\jre\bin\management.dll
0x00007ff83e2f0000 - 0x00007ff83e323000 	C:\Windows\system32\rsaenh.dll
0x00007ff83f730000 - 0x00007ff83f756000 	C:\Windows\System32\bcrypt.dll
0x00007ff83ee00000 - 0x00007ff83ee29000 	C:\Windows\SYSTEM32\USERENV.dll
0x00007ff83e940000 - 0x00007ff83e94c000 	C:\Windows\SYSTEM32\CRYPTBASE.dll
0x00007ff83e490000 - 0x00007ff83e4cd000 	C:\Windows\SYSTEM32\IPHLPAPI.DLL
0x00007ff840140000 - 0x00007ff840148000 	C:\Windows\System32\NSI.dll
0x00007ff8392d0000 - 0x00007ff8392e6000 	C:\Windows\SYSTEM32\dhcpcsvc6.DLL
0x00007ff839590000 - 0x00007ff8395ac000 	C:\Windows\SYSTEM32\dhcpcsvc.DLL
0x00007ff83e4d0000 - 0x00007ff83e596000 	C:\Windows\SYSTEM32\DNSAPI.dll

VM Arguments:
jvm_args: -Dorg.gradle.appname=gradlew 
java_command: org.gradle.wrapper.GradleWrapperMain -q -Ptarget-platform=android-arm64 -Ptarget=C:\xampp\htdocs\FlutterProjects\madinaty_app\lib\main.dart -Ptrack-widget-creation=true -Pfilesystem-scheme=org-dartlang-root -Pdart-defines=flutter.inspector.structuredErrors%3Dtrue assembleDebug
java_class_path (initial): C:\xampp\htdocs\FlutterProjects\madinaty_app\android\\gradle\wrapper\gradle-wrapper.jar
Launcher Type: SUN_STANDARD

Environment Variables:
JAVA_HOME=E:\Android\Android Studio\jre
CLASSPATH=C:\xampp\htdocs\FlutterProjects\madinaty_app\android\\gradle\wrapper\gradle-wrapper.jar
PATH=;C:\Program Files (x86)\Common Files\Oracle\Java\javapath;C:\Program Files (x86)\Eazfuscator.NET;C:\Program Files (x86)\iis express\PHP\v7.1;C:\Windows\system32;C:\Windows;C:\Windows\System32\Wbem;C:\Windows\System32\WindowsPowerShell\v1.0\;C:\Windows\System32\OpenSSH\;C:\Program Files\dotnet\;C:\Users\Mohamed\AppData\Local\Microsoft\WindowsApps;C:\Program Files\Git\cmd;C:\Program Files\Common Files\Autodesk Shared\;C:\Program Files (x86)\NVIDIA Corporation\PhysX\Common;C:\Program Files\NVIDIA GPU Computing Toolkit\CUDA\v10.1\extras\CUPTI\lib64;C:\Program Files\NVIDIA GPU Computing Toolkit\CUDA\v10.1\include;F:\Programming\tensorflow\tools\cuda\bin;F:\Programming\tensorflow\tools\TensorRT-6.0.1.5;F:\Programming\tensorflow\MiniConda3Installation;c:\Program Files\Microsoft VS Code\bin;F:\Programming\tensorflow\PythonInstallation\Scripts;C:\Program Files\nodejs\;F:\Programming\tensorflow\PythonInstallation\Scripts\;F:\Programming\tensorflow\PythonInstallation\;C:\Users\Mohamed\AppData\Local\Microsoft\WindowsApps;D:\flutterSDK\flutter\bin;F:\Programming\tensorflow\PyCharm 2019.3.4\bin;;C:\Program Files\NVIDIA GPU Computing Toolkit\CUDA\v10.1\bin;C:\Program Files\NVIDIA GPU Computing Toolkit\CUDA\v10.1\extras\CUPTI\libx64;C:\Program Files\NVIDIA GPU Computing Toolkit\CUDA\v10.1\include;C:\Program Files\NVIDIA GPU Computing Toolkit\CUDA\v10.1\libnvvp;C:\Program Files\NVIDIA GPU Computing Toolkit\CUDA\v10.1\lib\x64;C:\Users\Mohamed\AppData\Roaming\npm;D:\flutterSDK\flutter\bin\mingit\cmd
USERNAME=Mohamed
OS=Windows_NT
PROCESSOR_IDENTIFIER=Intel64 Family 6 Model 44 Stepping 2, GenuineIntel



---------------  S Y S T E M  ---------------

OS: Windows 10.0 , 64 bit Build 17763 (10.0.17763.475)

CPU:total 8 (initial active 8) (4 cores per cpu, 2 threads per core) family 6 model 44 stepping 2, cmov, cx8, fxsr, mmx, sse, sse2, sse3, ssse3, sse4.1, sse4.2, popcnt, aes, clmul, ht, tsc, tscinvbit, tscinv

Memory: 4k page, physical 12580436k(3959504k free), swap 15140436k(190096k free)

vm_info: OpenJDK 64-Bit Server VM (25.242-b01) for windows-amd64 JRE (1.8.0_242-release-1644-b01), built by "builder" with MS VC++ 10.0 (VS2010)

time: Mon Nov 30 01:55:50 2020
timezone: Egypt Standard Time
elapsed time: 17 seconds (0d 0h 0m 17s)

